<?xml version="1.0" encoding="UTF-8"?>
<testsuite name="stringprocessor.StopWordTest" tests="1" skipped="0" failures="0" errors="0" timestamp="2017-12-10T19:04:10" hostname="sanjiv-Inspiron-5559" time="0.0">
  <properties/>
  <testcase name="removeStopWords" classname="stringprocessor.StopWordTest" time="0.0"/>
  <system-out><![CDATA[]]></system-out>
  <system-err><![CDATA[]]></system-err>
</testsuite>
